{
  "stats": {
    "suites": 1,
    "tests": 1,
    "passes": 1,
    "pending": 0,
    "failures": 0,
    "start": "2021-05-27T12:52:19.326Z",
    "end": "2021-05-27T12:52:59.343Z",
    "duration": 40017,
    "testsRegistered": 1,
    "passPercent": 100,
    "pendingPercent": 0,
    "other": 0,
    "hasOther": false,
    "skipped": 0,
    "hasSkipped": false
  },
  "results": [
    {
      "uuid": "179fd82c-08f4-4593-a274-84d3b72ab7bf",
      "title": "",
      "fullFile": "cypress/integration/mocha_UI/orderDress.js",
      "file": "cypress/integration/mocha_UI/orderDress.js",
      "beforeHooks": [],
      "afterHooks": [],
      "tests": [],
      "suites": [
        {
          "uuid": "53a43403-2f27-4736-be32-d96f25c0fd07",
          "title": "my first test",
          "fullFile": "",
          "file": "",
          "beforeHooks": [],
          "afterHooks": [],
          "tests": [
            {
              "title": "My Firt test case ",
              "fullTitle": "my first test My Firt test case ",
              "timedOut": null,
              "duration": 35537,
              "state": "passed",
              "speed": "slow",
              "pass": true,
              "fail": false,
              "pending": false,
              "context": null,
              "code": "cy.visit('http://automationpractice.com/index.php');\ncy.get('.login').click();\ncy.get('#email').type(\"ananddharmar.d@gmail.com\");\ncy.get('#passwd').type(\"Quali@123\");\ncy.get('#SubmitLogin > span').click();\ncy.get('.sf-menu > :nth-child(1) > [href=\"http://automationpractice.com/index.php?id_category=3&controller=category\"]').click(); //Visible is added to make sure it counts only visible elements make it 8 to test the other scenario\ncy.get('div[class=\"button-container\"]:visible').should('have.length', 7); //Trying to minimize the scope of finding the element by finding the block rather than finding in the entire page\n//Parent child combination\ncy.get('.product_list.grid.row').find('div[class=\"button-container\"]').should('have.length', 7);\ncy.get('.product_list.grid.row').find('div[class=\"button-container\"]').eq(3).contains('Add to cart').click();\ncy.get(':nth-child(1) > .product-container > .right-block > .button-container > .ajax_add_to_cart_button > span').click();\ncy.get('.button-container > .button-medium > span').click();\ncy.get('.cart_navigation > .button > span').click();\ncy.get('.cart_navigation > .button > span').click();\ncy.get('#cgv').click();\ncy.get('.cart_navigation > .button > span').click();\ncy.get('.bankwire').click();\ncy.get('#cart_navigation > .button > span').click();\ncy.get('.page-heading').should('have.text', 'Order confirmation');",
              "err": {},
              "uuid": "6185d3b0-fabc-4c65-a921-e2890d95b9b0",
              "parentUUID": "53a43403-2f27-4736-be32-d96f25c0fd07",
              "isHook": false,
              "skipped": false
            }
          ],
          "suites": [],
          "passes": [
            "6185d3b0-fabc-4c65-a921-e2890d95b9b0"
          ],
          "failures": [],
          "pending": [],
          "skipped": [],
          "duration": 35537,
          "root": false,
          "rootEmpty": false,
          "_timeout": 2000
        }
      ],
      "passes": [],
      "failures": [],
      "pending": [],
      "skipped": [],
      "duration": 0,
      "root": true,
      "rootEmpty": true,
      "_timeout": 2000
    }
  ],
  "meta": {
    "mocha": {
      "version": "7.0.1"
    },
    "mochawesome": {
      "options": {
        "quiet": false,
        "reportFilename": "mochawesome",
        "saveHtml": false,
        "saveJson": true,
        "consoleReporter": "spec",
        "useInlineDiffs": false,
        "code": true
      },
      "version": "6.2.2"
    },
    "marge": {
      "options": {
        "id": "default",
        "reportDir": "cypress/reports/mocha",
        "quite": true,
        "overwrite": false,
        "html": false,
        "json": true
      },
      "version": "5.2.0"
    }
  }
}