{
  "stats": {
    "suites": 1,
    "tests": 1,
    "passes": 1,
    "pending": 0,
    "failures": 0,
    "start": "2021-05-27T12:51:24.301Z",
    "end": "2021-05-27T12:51:24.760Z",
    "duration": 459,
    "testsRegistered": 1,
    "passPercent": 100,
    "pendingPercent": 0,
    "other": 0,
    "hasOther": false,
    "skipped": 0,
    "hasSkipped": false
  },
  "results": [
    {
      "uuid": "a3ccdec3-26cd-4700-8aa4-0b10c251a7cf",
      "title": "",
      "fullFile": "cypress/integration/mocha_api/02_postGenre.spec.js",
      "file": "cypress/integration/mocha_api/02_postGenre.spec.js",
      "beforeHooks": [],
      "afterHooks": [],
      "tests": [],
      "suites": [
        {
          "uuid": "69d1eff6-7719-4796-b9bd-08c1399b1a03",
          "title": "A simple POST request against an API to add a movie genre",
          "fullFile": "",
          "file": "",
          "beforeHooks": [],
          "afterHooks": [],
          "tests": [
            {
              "title": "POST -- Successful API POST request",
              "fullTitle": "A simple POST request against an API to add a movie genre POST -- Successful API POST request",
              "timedOut": null,
              "duration": 338,
              "state": "passed",
              "speed": "slow",
              "pass": true,
              "fail": false,
              "pending": false,
              "context": null,
              "code": "cy.request({\n  method: 'POST',\n  url: endpoint,\n  failOnStatusCode: false,\n  body: this.data.postRequest\n}).then(response => {\n  expect(response.status).to.eq(201);\n  expect(response.body).to.not.be.null;\n  expect(response.body).property('name').to.equal(this.data.postRequest.name);\n});",
              "err": {},
              "uuid": "401b8427-2cf1-459b-a545-db84455cba37",
              "parentUUID": "69d1eff6-7719-4796-b9bd-08c1399b1a03",
              "isHook": false,
              "skipped": false
            }
          ],
          "suites": [],
          "passes": [
            "401b8427-2cf1-459b-a545-db84455cba37"
          ],
          "failures": [],
          "pending": [],
          "skipped": [],
          "duration": 338,
          "root": false,
          "rootEmpty": false,
          "_timeout": 2000
        }
      ],
      "passes": [],
      "failures": [],
      "pending": [],
      "skipped": [],
      "duration": 0,
      "root": true,
      "rootEmpty": true,
      "_timeout": 2000
    }
  ],
  "meta": {
    "mocha": {
      "version": "7.0.1"
    },
    "mochawesome": {
      "options": {
        "quiet": false,
        "reportFilename": "mochawesome",
        "saveHtml": false,
        "saveJson": true,
        "consoleReporter": "spec",
        "useInlineDiffs": false,
        "code": true
      },
      "version": "6.2.2"
    },
    "marge": {
      "options": {
        "id": "default",
        "reportDir": "cypress/reports/mocha",
        "quite": true,
        "overwrite": false,
        "html": false,
        "json": true
      },
      "version": "5.2.0"
    }
  }
}